<?xml version="1.0" encoding="UTF-8"?>
<!-- Generated by org.testng.reporters.JUnitReportReporter -->
<testsuite hostname="LAPTOP-J5CQI8BE" failures="0" tests="1" name="FreeNowDemo.Login" time="10.892" errors="0" timestamp="2022-08-01T03:54:34 IST" skipped="0">
  <testcase classname="FreeNowDemo.Login" name="login" time="10.892"/>
  <system-out/>
</testsuite> <!-- FreeNowDemo.Login -->
